#
# There is insufficient memory for the Java Runtime Environment to continue.
# Native memory allocation (malloc) failed to allocate 1048576 bytes. Error detail: AllocateHeap
# Possible reasons:
#   The system is out of physical RAM or swap space
#   This process is running with CompressedOops enabled, and the Java Heap may be blocking the growth of the native heap
# Possible solutions:
#   Reduce memory load on the system
#   Increase physical memory or swap space
#   Check if swap backing store is full
#   Decrease Java heap size (-Xmx/-Xms)
#   Decrease number of Java threads
#   Decrease Java thread stack sizes (-Xss)
#   Set larger code cache with -XX:ReservedCodeCacheSize=
#   JVM is running with Unscaled Compressed Oops mode in which the Java heap is
#     placed in the first 4GB address space. The Java Heap base address is the
#     maximum limit for the native heap growth. Please use -XX:HeapBaseMinAddress
#     to set the Java Heap base and to place the Java Heap above 4GB virtual address.
# This output file may be truncated or incomplete.
#
#  Out of Memory Error (allocation.cpp:44), pid=11084, tid=14960
#
# JRE version:  (21.0.8+9) (build )
# Java VM: OpenJDK 64-Bit Server VM (21.0.8+9-LTS, mixed mode, tiered, compressed oops, compressed class ptrs, parallel gc, windows-amd64)
# No core dump will be written. Minidumps are not enabled by default on client versions of Windows
#

---------------  S U M M A R Y ------------

Command Line: --add-modules=ALL-SYSTEM --add-opens=java.base/java.util=ALL-UNNAMED --add-opens=java.base/java.lang=ALL-UNNAMED --add-opens=java.base/sun.nio.fs=ALL-UNNAMED -Declipse.application=org.eclipse.jdt.ls.core.id1 -Dosgi.bundles.defaultStartLevel=4 -Declipse.product=org.eclipse.jdt.ls.core.product -Djava.import.generatesMetadataFilesAtProjectRoot=false -DDetectVMInstallationsJob.disabled=true -Dfile.encoding=utf8 -XX:+UseParallelGC -XX:GCTimeRatio=4 -XX:AdaptiveSizePolicyWeight=90 -Dsun.zip.disableMemoryMapping=true -Xmx2G -Xms100m -Xlog:disable -javaagent:c:\Users\WINDOWS 10\.vscode\extensions\redhat.java-1.46.0-win32-x64\lombok\lombok-1.18.39-4050.jar -XX:+HeapDumpOnOutOfMemoryError -XX:HeapDumpPath=c:\Users\WINDOWS 10\AppData\Roaming\Code\User\workspaceStorage\0b742a2b61939bab6593d272fb2ff21b\redhat.java -Daether.dependencyCollector.impl=bf c:\Users\WINDOWS 10\.vscode\extensions\redhat.java-1.46.0-win32-x64\server\plugins\org.eclipse.equinox.launcher_1.7.0.v20250519-0528.jar -configuration c:\Users\WINDOWS 10\AppData\Roaming\Code\User\globalStorage\redhat.java\1.46.0\config_win -data c:\Users\WINDOWS 10\AppData\Roaming\Code\User\workspaceStorage\0b742a2b61939bab6593d272fb2ff21b\redhat.java\jdt_ws --pipe=\\.\pipe\lsp-a8946b50bcf8f1a30095e42f192c1290-sock

Host: 12th Gen Intel(R) Core(TM) i3-12100F, 8 cores, 15G,  Windows 10 , 64 bit Build 19041 (10.0.19041.5915)
Time: Thu Oct 16 17:09:28 2025 SE Asia Standard Time elapsed time: 0.059104 seconds (0d 0h 0m 0s)

---------------  T H R E A D  ---------------

Current thread (0x0000016b88d713c0):  JavaThread "Unknown thread" [_thread_in_vm, id=14960, stack(0x00000006f4b00000,0x00000006f4c00000) (1024K)]

Stack: [0x00000006f4b00000,0x00000006f4c00000]
Native frames: (J=compiled Java code, j=interpreted, Vv=VM code, C=native code)
V  [jvm.dll+0x6d2449]
V  [jvm.dll+0x8ae341]
V  [jvm.dll+0x8b08be]
V  [jvm.dll+0x8b0fa3]
V  [jvm.dll+0x280c96]
V  [jvm.dll+0xc0347]
V  [jvm.dll+0x706540]
V  [jvm.dll+0x7070ac]
V  [jvm.dll+0x6e0f43]
V  [jvm.dll+0x877c7c]
V  [jvm.dll+0x3becec]
V  [jvm.dll+0x8606d8]
V  [jvm.dll+0x4530ee]
V  [jvm.dll+0x454d31]
C  [jli.dll+0x5278]
C  [ucrtbase.dll+0x21bb2]
C  [KERNEL32.DLL+0x17374]
C  [ntdll.dll+0x4cc91]


---------------  P R O C E S S  ---------------

Threads class SMR info:
_java_thread_list=0x0000016b88ddf030, length=1, elements={
0x0000016b88d713c0
}

Java Threads: ( => current thread )
=>0x0000016b88d713c0 JavaThread "Unknown thread"             [_thread_in_vm, id=14960, stack(0x00000006f4b00000,0x00000006f4c00000) (1024K)]
Total: 1

Other Threads:
  0x0000016b88ddf5f0 WatcherThread "VM Periodic Task Thread"        [id=3860, stack(0x00000006f4d00000,0x00000006f4e00000) (1024K)]
  0x0000016b88d8fda0 WorkerThread "GC Thread#0"                     [id=15232, stack(0x00000006f4c00000,0x00000006f4d00000) (1024K)]
Total: 2

Threads with active compile tasks:
Total: 0

VM state: not at safepoint (normal execution)

VM Mutex/Monitor currently owned by a thread: None

Heap address: 0x0000000080000000, size: 2048 MB, Compressed Oops mode: 32-bit

CDS archive(s) not mapped
Compressed class space mapped at: 0x0000000100000000-0x0000000140000000, reserved size: 1073741824
Narrow klass base: 0x0000000000000000, Narrow klass shift: 3, Narrow klass range: 0x140000000

GC Precious Log:
 CardTable entry size: 512
 CPUs: 8 total, 8 available
 Memory: 16237M
 Large Page Support: Disabled
 NUMA Support: Disabled
 Compressed Oops: Enabled (32-bit)
 Alignments: Space 512K, Generation 512K, Heap 2M
 Heap Min Capacity: 100M
 Heap Initial Capacity: 100M
 Heap Max Capacity: 2G
 Pre-touch: Disabled
 Parallel Workers: 8

Heap:
 PSYoungGen      total 29696K, used 512K [0x00000000d5580000, 0x00000000d7680000, 0x0000000100000000)
  eden space 25600K, 2% used [0x00000000d5580000,0x00000000d5600070,0x00000000d6e80000)
  from space 4096K, 0% used [0x00000000d7280000,0x00000000d7280000,0x00000000d7680000)
  to   space 4096K, 0% used [0x00000000d6e80000,0x00000000d6e80000,0x00000000d7280000)
 ParOldGen       total 68608K, used 0K [0x0000000080000000, 0x0000000084300000, 0x00000000d5580000)
  object space 68608K, 0% used [0x0000000080000000,0x0000000080000000,0x0000000084300000)
 Metaspace       used 1396K, committed 1472K, reserved 1114112K
  class space    used 112K, committed 128K, reserved 1048576K

Card table byte_map: [0x0000016b88730000,0x0000016b88b40000] _byte_map_base: 0x0000016b88330000

Marking Bits: (ParMarkBitMap*) 0x00007ffe71eca340
 Begin Bits: [0x0000016b9b220000, 0x0000016b9d220000)
 End Bits:   [0x0000016b9d220000, 0x0000016b9f220000)

Polling page: 0x0000016b86b80000

Metaspace:

Usage:
  Non-class:      1.25 MB used.
      Class:    112.47 KB used.
       Both:      1.36 MB used.

Virtual space:
  Non-class space:       64.00 MB reserved,       1.31 MB (  2%) committed,  1 nodes.
      Class space:        1.00 GB reserved,     128.00 KB ( <1%) committed,  1 nodes.
             Both:        1.06 GB reserved,       1.44 MB ( <1%) committed. 

Chunk freelists:
   Non-Class:  12.00 MB
       Class:  15.75 MB
        Both:  27.75 MB

MaxMetaspaceSize: unlimited
CompressedClassSpaceSize: 1.00 GB
Initial GC threshold: 21.00 MB
Current GC threshold: 17179869184.00 GB
CDS: off
 - commit_granule_bytes: 65536.
 - commit_granule_words: 8192.
 - virtual_space_node_default_size: 8388608.
 - enlarge_chunks_in_place: 1.
 - use_allocation_guard: 0.


Internal statistics:

num_allocs_failed_limit: 0.
num_arena_births: 2.
num_arena_deaths: 0.
num_vsnodes_births: 2.
num_vsnodes_deaths: 0.
num_space_committed: 23.
num_space_uncommitted: 0.
num_chunks_returned_to_freelist: 0.
num_chunks_taken_from_freelist: 3.
num_chunk_merges: 0.
num_chunk_splits: 2.
num_chunks_enlarged: 0.
num_inconsistent_stats: 0.

CodeHeap 'non-profiled nmethods': size=120000Kb used=0Kb max_used=0Kb free=120000Kb
 bounds [0x0000016b93a40000, 0x0000016b93cb0000, 0x0000016b9af70000]
CodeHeap 'profiled nmethods': size=120000Kb used=0Kb max_used=0Kb free=120000Kb
 bounds [0x0000016b8bf70000, 0x0000016b8c1e0000, 0x0000016b934a0000]
CodeHeap 'non-nmethods': size=5760Kb used=194Kb max_used=342Kb free=5565Kb
 bounds [0x0000016b934a0000, 0x0000016b93710000, 0x0000016b93a40000]
CodeCache: size=245760Kb, used=194Kb, max_used=342Kb, free=245565Kb
 total_blobs=70, nmethods=0, adapters=48, full_count=0
Compilation: enabled, stopped_count=0, restarted_count=0

Compilation events (0 events):
No events

GC Heap History (0 events):
No events

Dll operation events (2 events):
Event: 0.005 Loaded shared library c:\Users\WINDOWS 10\.vscode\extensions\redhat.java-1.46.0-win32-x64\jre\21.0.8-win32-x86_64\bin\java.dll
Event: 0.012 Loaded shared library c:\Users\WINDOWS 10\.vscode\extensions\redhat.java-1.46.0-win32-x64\jre\21.0.8-win32-x86_64\bin\zip.dll

Deoptimization events (0 events):
No events

Classes loaded (20 events):
Event: 0.039 Loading class java/util/Iterator
Event: 0.039 Loading class java/util/Iterator done
Event: 0.039 Loading class java/lang/reflect/RecordComponent
Event: 0.040 Loading class java/lang/reflect/RecordComponent done
Event: 0.040 Loading class jdk/internal/vm/vector/VectorSupport
Event: 0.041 Loading class jdk/internal/vm/vector/VectorSupport done
Event: 0.041 Loading class jdk/internal/vm/vector/VectorSupport$VectorPayload
Event: 0.041 Loading class jdk/internal/vm/vector/VectorSupport$VectorPayload done
Event: 0.041 Loading class jdk/internal/vm/vector/VectorSupport$Vector
Event: 0.041 Loading class jdk/internal/vm/vector/VectorSupport$Vector done
Event: 0.041 Loading class jdk/internal/vm/vector/VectorSupport$VectorMask
Event: 0.041 Loading class jdk/internal/vm/vector/VectorSupport$VectorMask done
Event: 0.041 Loading class jdk/internal/vm/vector/VectorSupport$VectorShuffle
Event: 0.041 Loading class jdk/internal/vm/vector/VectorSupport$VectorShuffle done
Event: 0.041 Loading class jdk/internal/vm/FillerObject
Event: 0.041 Loading class jdk/internal/vm/FillerObject done
Event: 0.042 Loading class java/lang/NullPointerException
Event: 0.042 Loading class java/lang/NullPointerException done
Event: 0.042 Loading class java/lang/ArithmeticException
Event: 0.042 Loading class java/lang/ArithmeticException done

Classes unloaded (0 events):
No events

Classes redefined (0 events):
No events

Internal exceptions (0 events):
No events

ZGC Phase Switch (0 events):
No events

VM Operations (0 events):
No events

Memory protections (0 events):
No events

Nmethod flushes (0 events):
No events

Events (1 events):
Event: 0.010 Thread 0x0000016b88d713c0 Thread added: 0x0000016b88d713c0


Dynamic libraries:
0x00007ff6302f0000 - 0x00007ff6302fe000 	c:\Users\WINDOWS 10\.vscode\extensions\redhat.java-1.46.0-win32-x64\jre\21.0.8-win32-x86_64\bin\java.exe
0x00007fff2df50000 - 0x00007fff2e148000 	C:\Windows\SYSTEM32\ntdll.dll
0x00007fff2d270000 - 0x00007fff2d332000 	C:\Windows\System32\KERNEL32.DLL
0x00007fff2b7a0000 - 0x00007fff2ba96000 	C:\Windows\System32\KERNELBASE.dll
0x00007fff2b6a0000 - 0x00007fff2b7a0000 	C:\Windows\System32\ucrtbase.dll
0x00007ffecba50000 - 0x00007ffecba68000 	c:\Users\WINDOWS 10\.vscode\extensions\redhat.java-1.46.0-win32-x64\jre\21.0.8-win32-x86_64\bin\jli.dll
0x00007fff2d350000 - 0x00007fff2d4ed000 	C:\Windows\System32\USER32.dll
0x00007fff2b5f0000 - 0x00007fff2b612000 	C:\Windows\System32\win32u.dll
0x00007fff2cb10000 - 0x00007fff2cb3b000 	C:\Windows\System32\GDI32.dll
0x00007fff2bd20000 - 0x00007fff2be39000 	C:\Windows\System32\gdi32full.dll
0x00007fff2bad0000 - 0x00007fff2bb6d000 	C:\Windows\System32\msvcp_win.dll
0x00007ffecba30000 - 0x00007ffecba4e000 	c:\Users\WINDOWS 10\.vscode\extensions\redhat.java-1.46.0-win32-x64\jre\21.0.8-win32-x86_64\bin\VCRUNTIME140.dll
0x00007fff13600000 - 0x00007fff1389b000 	C:\Windows\WinSxS\amd64_microsoft.windows.common-controls_6595b64144ccf1df_6.0.19041.6280_none_60bc30a171f2f3f3\COMCTL32.dll
0x00007fff2ca00000 - 0x00007fff2ca9e000 	C:\Windows\System32\msvcrt.dll
0x00007fff2c790000 - 0x00007fff2c7bf000 	C:\Windows\System32\IMM32.DLL
0x00007ffef7400000 - 0x00007ffef740c000 	c:\Users\WINDOWS 10\.vscode\extensions\redhat.java-1.46.0-win32-x64\jre\21.0.8-win32-x86_64\bin\vcruntime140_1.dll
0x00007ffe8d5d0000 - 0x00007ffe8d65d000 	c:\Users\WINDOWS 10\.vscode\extensions\redhat.java-1.46.0-win32-x64\jre\21.0.8-win32-x86_64\bin\msvcp140.dll
0x00007ffe71210000 - 0x00007ffe71fa7000 	c:\Users\WINDOWS 10\.vscode\extensions\redhat.java-1.46.0-win32-x64\jre\21.0.8-win32-x86_64\bin\server\jvm.dll
0x00007fff2d1b0000 - 0x00007fff2d261000 	C:\Windows\System32\ADVAPI32.dll
0x00007fff2cdb0000 - 0x00007fff2ce4f000 	C:\Windows\System32\sechost.dll
0x00007fff2ddf0000 - 0x00007fff2df10000 	C:\Windows\System32\RPCRT4.dll
0x00007fff2baa0000 - 0x00007fff2bac7000 	C:\Windows\System32\bcrypt.dll
0x00007fff2caa0000 - 0x00007fff2cb0b000 	C:\Windows\System32\WS2_32.dll
0x00007fff2ada0000 - 0x00007fff2adeb000 	C:\Windows\SYSTEM32\POWRPROF.dll
0x00007fff1c1f0000 - 0x00007fff1c217000 	C:\Windows\SYSTEM32\WINMM.dll
0x00007fff24910000 - 0x00007fff2491a000 	C:\Windows\SYSTEM32\VERSION.dll
0x00007fff2ad10000 - 0x00007fff2ad22000 	C:\Windows\SYSTEM32\UMPDC.dll
0x00007fff29e60000 - 0x00007fff29e72000 	C:\Windows\SYSTEM32\kernel.appcore.dll
0x00007ffedbc70000 - 0x00007ffedbc7a000 	c:\Users\WINDOWS 10\.vscode\extensions\redhat.java-1.46.0-win32-x64\jre\21.0.8-win32-x86_64\bin\jimage.dll
0x00007fff29440000 - 0x00007fff29641000 	C:\Windows\SYSTEM32\DBGHELP.DLL
0x00007ffefd200000 - 0x00007ffefd234000 	C:\Windows\SYSTEM32\dbgcore.DLL
0x00007fff2bef0000 - 0x00007fff2bf72000 	C:\Windows\System32\bcryptPrimitives.dll
0x00007ffedb440000 - 0x00007ffedb44f000 	c:\Users\WINDOWS 10\.vscode\extensions\redhat.java-1.46.0-win32-x64\jre\21.0.8-win32-x86_64\bin\instrument.dll
0x00007ffec88e0000 - 0x00007ffec88ff000 	c:\Users\WINDOWS 10\.vscode\extensions\redhat.java-1.46.0-win32-x64\jre\21.0.8-win32-x86_64\bin\java.dll
0x00007ffec2fe0000 - 0x00007ffec2ff8000 	c:\Users\WINDOWS 10\.vscode\extensions\redhat.java-1.46.0-win32-x64\jre\21.0.8-win32-x86_64\bin\zip.dll

JVMTI agents:
c:\Users\WINDOWS 10\.vscode\extensions\redhat.java-1.46.0-win32-x64\lombok\lombok-1.18.39-4050.jar path:none, loaded, not initialized, instrumentlib options:none

dbghelp: loaded successfully - version: 4.0.5 - missing functions: none
symbol engine: initialized successfully - sym options: 0x614 - pdb path: .;c:\Users\WINDOWS 10\.vscode\extensions\redhat.java-1.46.0-win32-x64\jre\21.0.8-win32-x86_64\bin;C:\Windows\SYSTEM32;C:\Windows\WinSxS\amd64_microsoft.windows.common-controls_6595b64144ccf1df_6.0.19041.6280_none_60bc30a171f2f3f3;c:\Users\WINDOWS 10\.vscode\extensions\redhat.java-1.46.0-win32-x64\jre\21.0.8-win32-x86_64\bin\server

VM Arguments:
jvm_args: --add-modules=ALL-SYSTEM --add-opens=java.base/java.util=ALL-UNNAMED --add-opens=java.base/java.lang=ALL-UNNAMED --add-opens=java.base/sun.nio.fs=ALL-UNNAMED -Declipse.application=org.eclipse.jdt.ls.core.id1 -Dosgi.bundles.defaultStartLevel=4 -Declipse.product=org.eclipse.jdt.ls.core.product -Djava.import.generatesMetadataFilesAtProjectRoot=false -DDetectVMInstallationsJob.disabled=true -Dfile.encoding=utf8 -XX:+UseParallelGC -XX:GCTimeRatio=4 -XX:AdaptiveSizePolicyWeight=90 -Dsun.zip.disableMemoryMapping=true -Xmx2G -Xms100m -Xlog:disable -javaagent:c:\Users\WINDOWS 10\.vscode\extensions\redhat.java-1.46.0-win32-x64\lombok\lombok-1.18.39-4050.jar -XX:+HeapDumpOnOutOfMemoryError -XX:HeapDumpPath=c:\Users\WINDOWS 10\AppData\Roaming\Code\User\workspaceStorage\0b742a2b61939bab6593d272fb2ff21b\redhat.java -Daether.dependencyCollector.impl=bf 
java_command: c:\Users\WINDOWS 10\.vscode\extensions\redhat.java-1.46.0-win32-x64\server\plugins\org.eclipse.equinox.launcher_1.7.0.v20250519-0528.jar -configuration c:\Users\WINDOWS 10\AppData\Roaming\Code\User\globalStorage\redhat.java\1.46.0\config_win -data c:\Users\WINDOWS 10\AppData\Roaming\Code\User\workspaceStorage\0b742a2b61939bab6593d272fb2ff21b\redhat.java\jdt_ws --pipe=\\.\pipe\lsp-a8946b50bcf8f1a30095e42f192c1290-sock
java_class_path (initial): c:\Users\WINDOWS 10\.vscode\extensions\redhat.java-1.46.0-win32-x64\server\plugins\org.eclipse.equinox.launcher_1.7.0.v20250519-0528.jar
Launcher Type: SUN_STANDARD

[Global flags]
    uintx AdaptiveSizePolicyWeight                 = 90                                        {product} {command line}
     intx CICompilerCount                          = 4                                         {product} {ergonomic}
    uintx GCTimeRatio                              = 4                                         {product} {command line}
     bool HeapDumpOnOutOfMemoryError               = true                                   {manageable} {command line}
    ccstr HeapDumpPath                             = c:\Users\WINDOWS 10\AppData\Roaming\Code\User\workspaceStorage\0b742a2b61939bab6593d272fb2ff21b\redhat.java         {manageable} {command line}
   size_t InitialHeapSize                          = 104857600                                 {product} {command line}
   size_t MaxHeapSize                              = 2147483648                                {product} {command line}
   size_t MaxNewSize                               = 715653120                                 {product} {ergonomic}
   size_t MinHeapDeltaBytes                        = 524288                                    {product} {ergonomic}
   size_t MinHeapSize                              = 104857600                                 {product} {command line}
   size_t NewSize                                  = 34603008                                  {product} {ergonomic}
    uintx NonNMethodCodeHeapSize                   = 5839372                                {pd product} {ergonomic}
    uintx NonProfiledCodeHeapSize                  = 122909434                              {pd product} {ergonomic}
   size_t OldSize                                  = 70254592                                  {product} {ergonomic}
    uintx ProfiledCodeHeapSize                     = 122909434                              {pd product} {ergonomic}
    uintx ReservedCodeCacheSize                    = 251658240                              {pd product} {ergonomic}
     bool SegmentedCodeCache                       = true                                      {product} {ergonomic}
   size_t SoftMaxHeapSize                          = 2147483648                             {manageable} {ergonomic}
     bool UseCompressedOops                        = true                           {product lp64_product} {ergonomic}
     bool UseLargePagesIndividualAllocation        = false                                  {pd product} {ergonomic}
     bool UseParallelGC                            = true                                      {product} {command line}

Logging:
Log output configuration:
 #0: stdout all=off uptime,level,tags foldmultilines=false
 #1: stderr all=off uptime,level,tags foldmultilines=false

Environment Variables:
PATH=C:\Program Files\NVIDIA GPU Computing Toolkit\CUDA\v11.2\bin;C:\Program Files\NVIDIA GPU Computing Toolkit\CUDA\v11.2\libnvvp;;C:\Program Files (x86)\Common Files\Intel\Shared Libraries\redist\intel64\compiler;C:\Program Files\Common Files\Oracle\Java\javapath;C:\Windows\system32;C:\Windows;C:\Windows\System32\Wbem;C:\Windows\System32\WindowsPowerShell\v1.0\;C:\Windows\System32\OpenSSH\;C:\Program Files (x86)\NVIDIA Corporation\PhysX\Common;C:\MinGW\bin;C:\Program Files\NVIDIA Corporation\NVIDIA app\NvDLISR;F:\XAMPP\xampp\php;C:\ProgramData\ComposerSetup\bin;C:\Program Files\nodejs\;C:\ProgramData\chocolatey\bin;C:\Program Files\Go\bin;C:\Program Files\Git\cmd;C:\Program Files\Cloudflare\Cloudflare WARP\;C:\Program Files\NVIDIA Corporation\NVIDIA NvDLISR;C:\Program Files\NVIDIA GPU Computing Toolkit\CUDA\v12.4\lib\x64;C:\Program Files\NVIDIA Corporation\Nsight Compute 2020.3.1\;C:\Users\WINDOWS 10\anaconda3;C:\Users\WINDOWS 10\anaconda3\Library\mingw-w64\bin;C:\Users\WINDOWS 10\anaconda3\Library\usr\bin;C:\Users\WINDOWS 10\anaconda3\Library\bin;C:\Users\WINDOWS 10\anaconda3\Scripts;C:\Users\WINDOWS 10\.pyenv\bin;C:\Users\WINDOWS 10\.pyenv\shims;C:\Users\WINDOWS 10\.pyenv\bin;C:\Users\WINDOWS 10\.pyenv\shims;C:\Users\WINDOWS 10\AppData\Local\Programs\Python\Python312\Scripts\;C:\Users\WINDOWS 10\AppData\Local\Programs\Python\Python312\;C:\Users\WINDOWS 10\AppData\Local\Microsoft\WindowsApps;C:\Users\WINDOWS 10\AppData\Local\spicetify;C:\Users\WINDOWS 10\AppData\Local\Programs\Microsoft VS Code\bin;C:\Users\WINDOWS 10\AppData\Roaming\Composer\vendor\bin;C:\Users\WINDOWS 10\AppData\Roaming\npm;C:\Users\WINDOWS 10\go\bin;C:\Users\WINDOWS 10\.pyenv\pyenv-win\bin;C:\Users\WINDOWS 10\.pyenv\pyenv-win\shims
USERNAME=Depaaa
OS=Windows_NT
PROCESSOR_IDENTIFIER=Intel64 Family 6 Model 151 Stepping 5, GenuineIntel
TMP=C:\Users\WINDOW~1\AppData\Local\Temp
TEMP=C:\Users\WINDOW~1\AppData\Local\Temp




Periodic native trim disabled

---------------  S Y S T E M  ---------------

OS:
 Windows 10 , 64 bit Build 19041 (10.0.19041.5915)
OS uptime: 0 days 15:48 hours

CPU: total 8 (initial active 8) (4 cores per cpu, 2 threads per core) family 6 model 151 stepping 5 microcode 0x2d, cx8, cmov, fxsr, ht, mmx, 3dnowpref, sse, sse2, sse3, ssse3, sse4.1, sse4.2, popcnt, lzcnt, tsc, tscinvbit, avx, avx2, aes, erms, clmul, bmi1, bmi2, adx, sha, fma, vzeroupper, clflush, clflushopt, clwb, serialize, rdtscp, rdpid, fsrm, f16c, pku, cet_ibt, cet_ss
Processor Information for the first 8 processors :
  Max Mhz: 3300, Current Mhz: 3300, Mhz Limit: 3300

Memory: 4k page, system-wide physical 16237M (266M free)
TotalPageFile size 24237M (AvailPageFile size 9M)
current process WorkingSet (physical memory assigned to process): 16M, peak: 16M
current process commit charge ("private bytes"): 190M, peak: 191M

vm_info: OpenJDK 64-Bit Server VM (21.0.8+9-LTS) for windows-amd64 JRE (21.0.8+9-LTS), built on 2025-07-15T00:00:00Z by "admin" with MS VC++ 17.7 (VS2022)

END.
